-224 1970 544
-224 1970 608
-864 818 544
-864 818 608
-224 818 544
-224 818 608
224 1970 544
224 1970 608
864 1970 544
864 1970 608
864 818 544
864 818 608
224 818 544
224 818 608
-224 818 608
-224 1970 608
-864 1970 608
-864 818 608
-224 818 608
224 818 608
224 1970 608
864 1970 608
864 818 608
224 818 608
-304 898 552
-304 1890 552
-784 1890 552
-784 898 552
-304 898 552
304 898 552
304 1890 552
784 1890 552
784 898 552
304 898 552
-288 882 544
-288 1906 544
-800 1906 544
-800 882 544
-288 882 544
288 882 544
288 1906 544
800 1906 544
800 882 544
288 882 544
-224 818 544
-224 1970 544
-864 1970 544
-864 818 544
-224 818 544
224 818 544
224 1970 544
864 1970 544
864 818 544
224 818 544
-9 304 0
-9 244 0
-64 244 0
-64 304 0
-9 304 0
9 304 0
9 244 0
64 244 0
64 304 0
9 304 0
1088 792 576
1088 792 0
-1088 792 576
-1088 792 0
1056 -106 32
1056 -106 576
1056 0 32
1056 0 576
-1056 -106 32
-1056 -106 576
-1056 0 32
-1056 0 576
1056 0 576
1056 -106 576
-1056 -106 576
-1056 0 576
1056 0 32
-1056 0 32
-1056 -106 32
1056 -106 32
1056 0 32
-1088 818 0
-1088 818 576
-1088 0 0
-1088 0 576
1088 0 0
1088 0 576
1088 818 0
1088 818 576
-1088 818 576
-1088 0 576
1088 0 576
1088 818 576
-366 449 -7
-366 101 -7
366 449 -7
366 101 -7
-350 101 -7
-350 449 -7
-334 449 -7
-334 101 -7
350 101 -7
350 449 -7
334 449 -7
334 101 -7
-318 101 -7
-318 449 -7
-302 449 -7
-302 101 -7
318 101 -7
318 449 -7
302 449 -7
302 101 -7
-286 101 -7
-286 449 -7
-270 449 -7
-270 101 -7
286 101 -7
286 449 -7
270 449 -7
270 101 -7
-254 101 -7
-254 449 -7
-238 449 -7
-238 101 -7
254 101 -7
254 449 -7
238 449 -7
238 101 -7
-222 101 -7
-222 449 -7
-206 101 -7
-206 449 -7
222 101 -7
222 449 -7
206 101 -7
206 449 -7
-190 101 -7
-190 449 -7
-174 101 -7
-174 449 -7
190 101 -7
190 449 -7
174 101 -7
174 449 -7
-158 101 -7
-158 449 -7
-142 101 -7
-142 449 -7
158 101 -7
158 449 -7
142 101 -7
142 449 -7
-126 101 -7
-126 449 -7
-110 101 -7
-110 449 -7
126 101 -7
126 449 -7
110 101 -7
110 449 -7
-94 101 -7
-94 449 -7
-78 101 -7
-78 449 -7
94 101 -7
94 449 -7
78 101 -7
78 449 -7
-376 102 -4
-376 450 -4
-70 450 -4
-70 102 -4
-376 102 -4
376 102 -4
376 450 -4
70 450 -4
70 102 -4
376 102 -4
-384 91 0
-446 32 0
-384 459 0
-446 517 0
-64 459 0
-2 517 0
-64 91 0
-2 32 0
384 91 0
446 32 0
384 459 0
446 517 0
64 459 0
2 517 0
64 91 0
2 32 0
-64 91 0
-384 91 0
-384 459 0
-64 459 0
-64 91 0
64 91 0
384 91 0
384 459 0
64 459 0
64 91 0
-2 32 0
-446 32 0
-446 517 0
-2 517 0
-2 32 0
2 32 0
446 32 0
446 517 0
2 517 0
2 32 0
-263 675 0
-348 675 0
263 675 0
348 675 0
-358 688 0
-358 652 0
-348 648 0
-263 648 0
-254 652 0
-254 688 0
-263 688 0
-263 656 0
-348 656 0
-348 688 0
-358 688 0
358 688 0
358 652 0
348 648 0
263 648 0
254 652 0
254 688 0
263 688 0
263 656 0
348 656 0
348 688 0
358 688 0
-726 149 0
-812 149 0
-726 413 0
-812 413 0
-726 675 0
-812 675 0
726 149 0
812 149 0
726 413 0
812 413 0
726 675 0
812 675 0
-820 424 0
-820 389 0
-812 384 0
-726 384 0
-720 389 0
-720 424 0
-726 424 0
-726 394 0
-812 394 0
-812 424 0
-820 424 0
820 424 0
820 389 0
812 384 0
726 384 0
720 389 0
720 424 0
726 424 0
726 394 0
812 394 0
812 424 0
820 424 0
-820 164 0
-820 128 0
-812 124 0
-726 124 0
-718 128 0
-718 164 0
-726 164 0
-726 132 0
-812 132 0
-812 164 0
-820 164 0
820 164 0
820 128 0
812 124 0
726 124 0
718 128 0
718 164 0
726 164 0
726 132 0
812 132 0
812 164 0
820 164 0
-820 688 0
-820 652 0
-812 647 0
-726 647 0
-718 652 0
-718 688 0
-726 688 0
-726 657 0
-812 657 0
-812 688 0
-820 688 0
820 688 0
820 652 0
812 647 0
726 647 0
718 652 0
718 688 0
726 688 0
726 657 0
812 657 0
812 688 0
820 688 0
-358 704 0
-374 688 0
-374 648 0
-358 632 0
-255 632 0
-239 648 0
-239 688 0
-255 704 0
-358 704 0
358 704 0
374 688 0
374 648 0
358 632 0
255 632 0
239 648 0
239 688 0
255 704 0
358 704 0
-820 178 0
-836 162 0
-836 122 0
-820 107 0
-718 107 0
-698 122 0
-698 162 0
-718 178 0
-820 178 0
-820 440 0
-836 424 0
-836 384 0
-820 370 0
-718 370 0
-698 384 0
-698 424 0
-718 440 0
-820 440 0
-820 704 0
-836 688 0
-836 648 0
-820 632 0
-718 632 0
-701 648 0
-698 688 0
-718 704 0
-820 704 0
820 178 0
836 162 0
836 122 0
820 107 0
718 107 0
698 122 0
698 162 0
718 178 0
820 178 0
820 440 0
836 424 0
836 384 0
820 370 0
718 370 0
698 384 0
698 424 0
718 440 0
820 440 0
820 704 0
836 688 0
836 648 0
820 632 0
718 632 0
701 648 0
701 688 0
718 704 0
820 704 0
-1088 72 0
-1064 72 0
-1064 24 0
-1016 24 0
-1016 0 0
-1088 750 0
-1064 750 0
-1064 792 0
-1016 792 0
-1016 818 0
1088 750 0
1064 750 0
1064 792 0
1016 792 0
1016 818 0
1088 72 0
1064 72 0
1064 24 0
1016 24 0
1016 0 0
504 234 0
504 50 0
1032 50 0
1032 234 0
504 234 0
479 259 0
479 25 0
1058 25 0
1058 259 0
479 259 0
476 288 0
476 265 0
1061 265 0
1061 288 0
476 288 0
504 499 0
504 316 0
1032 316 0
1032 499 0
504 499 0
479 524 0
479 290 0
1058 290 0
1058 524 0
479 524 0
476 552 0
476 529 0
1061 529 0
1061 552 0
476 552 0
504 577 0
1032 577 0
1032 760 0
504 760 0
504 577 0
479 519 0
1058 519 0
1058 787 0
479 787 0
479 519 0
476 24 0
452 24 0
452 792 0
476 792 0
476 24 0
-452 519 0
452 519 0
452 552 0
-452 552 0
-452 519 0
-425 577 0
425 577 0
425 760 0
-425 760 0
-425 577 0
-450 519 0
450 519 0
450 787 0
-450 787 0
-450 519 0
-476 24 0
-452 24 0
-452 792 0
-476 792 0
-476 24 0
-1032 577 0
-504 577 0
-504 760 0
-1032 760 0
-1032 577 0
-1058 519 0
-479 519 0
-479 787 0
-1058 787 0
-1058 519 0
-1061 529 0
-476 529 0
-476 552 0
-1061 552 0
-1061 529 0
-1032 316 0
-504 316 0
-504 499 0
-1032 499 0
-1032 316 0
-1058 290 0
-479 290 0
-479 524 0
-1058 524 0
-1058 290 0
-1061 265 0
-476 265 0
-476 288 0
-1061 288 0
-1061 265 0
-1032 50 0
-504 50 0
-504 234 0
-1032 234 0
-1032 50 0
-1058 25 0
-479 25 0
-479 259 0
-1058 259 0
-1058 25 0
-1061 24 0
1061 24 0
1061 792 0
-1061 792 0
-1061 24 0
-1088 0 0
-1088 818 0
1088 818 0
1088 0 0
-1088 0 0
Mean X-Coordinate =  -9.8
Mean Y-Coordinate =  474.1
Mean Z-Coordinate =  76.7
