C:\Program Files (x86)\MSBuild\Microsoft.Cpp\v4.0\V140\Microsoft.CppBuild.targets(367,5): warning MSB8004: Intermediate Directory does not end with a trailing slash.  This build instance will add the slash as it is required to allow proper evaluation of the Intermediate Directory.
C:\Program Files (x86)\MSBuild\Microsoft.Cpp\v4.0\V140\Microsoft.CppBuild.targets(392,5): warning MSB8028: The intermediate directory (.\Debug\) contains files shared from another project (HW2B.vcxproj).  This can lead to incorrect clean and rebuild behavior.
  vertices.cpp
c:\users\signo\documents\visual studio 2015\projects\computer_graphics\project2\project2\angel.h(63): warning C4305: 'initializing': truncation from 'double' to 'GLfloat'
c:\users\signo\documents\visual studio 2015\projects\computer_graphics\project2\project2\mat.h(707): warning C4244: '=': conversion from 'double' to 'GLfloat', possible loss of data
c:\users\signo\documents\visual studio 2015\projects\computer_graphics\project2\project2\mat.h(708): warning C4244: '=': conversion from 'double' to 'GLfloat', possible loss of data
c:\users\signo\documents\visual studio 2015\projects\computer_graphics\project2\project2\mat.h(709): warning C4244: '=': conversion from 'double' to 'GLfloat', possible loss of data
c:\users\signo\documents\visual studio 2015\projects\computer_graphics\project2\project2\mat.h(730): warning C4244: '=': conversion from 'double' to 'GLfloat', possible loss of data
c:\users\signo\documents\visual studio 2015\projects\computer_graphics\project2\project2\mat.h(732): warning C4244: '=': conversion from 'double' to 'GLfloat', possible loss of data
c:\users\signo\documents\visual studio 2015\projects\computer_graphics\project2\project2\mat.h(735): warning C4244: '=': conversion from 'double' to 'GLfloat', possible loss of data
c:\users\signo\documents\visual studio 2015\projects\computer_graphics\project2\project2\mat.h(752): warning C4244: '=': conversion from 'double' to 'GLfloat', possible loss of data
c:\users\signo\documents\visual studio 2015\projects\computer_graphics\project2\project2\vertices.cpp(73): warning C4244: 'initializing': conversion from 'int' to 'GLfloat', possible loss of data
c:\users\signo\documents\visual studio 2015\projects\computer_graphics\project2\project2\vertices.cpp(74): warning C4244: 'initializing': conversion from 'int' to 'GLfloat', possible loss of data
c:\users\signo\documents\visual studio 2015\projects\computer_graphics\project2\project2\vertices.cpp(75): warning C4244: 'initializing': conversion from 'int' to 'GLfloat', possible loss of data
c:\users\signo\documents\visual studio 2015\projects\computer_graphics\project2\project2\vertices.cpp(76): warning C4305: 'argument': truncation from 'int' to 'const GLfloat'
c:\users\signo\documents\visual studio 2015\projects\computer_graphics\project2\project2\vertices.cpp(77): warning C4305: 'argument': truncation from 'int' to 'const GLfloat'
c:\users\signo\documents\visual studio 2015\projects\computer_graphics\project2\project2\vertices.cpp(78): warning C4305: 'argument': truncation from 'int' to 'const GLfloat'
  transformations.cpp
c:\users\signo\documents\visual studio 2015\projects\computer_graphics\project2\project2\angel.h(63): warning C4305: 'initializing': truncation from 'double' to 'GLfloat'
c:\users\signo\documents\visual studio 2015\projects\computer_graphics\project2\project2\mat.h(707): warning C4244: '=': conversion from 'double' to 'GLfloat', possible loss of data
c:\users\signo\documents\visual studio 2015\projects\computer_graphics\project2\project2\mat.h(708): warning C4244: '=': conversion from 'double' to 'GLfloat', possible loss of data
c:\users\signo\documents\visual studio 2015\projects\computer_graphics\project2\project2\mat.h(709): warning C4244: '=': conversion from 'double' to 'GLfloat', possible loss of data
c:\users\signo\documents\visual studio 2015\projects\computer_graphics\project2\project2\mat.h(730): warning C4244: '=': conversion from 'double' to 'GLfloat', possible loss of data
c:\users\signo\documents\visual studio 2015\projects\computer_graphics\project2\project2\mat.h(732): warning C4244: '=': conversion from 'double' to 'GLfloat', possible loss of data
c:\users\signo\documents\visual studio 2015\projects\computer_graphics\project2\project2\mat.h(735): warning C4244: '=': conversion from 'double' to 'GLfloat', possible loss of data
c:\users\signo\documents\visual studio 2015\projects\computer_graphics\project2\project2\mat.h(752): warning C4244: '=': conversion from 'double' to 'GLfloat', possible loss of data
  my_io.cpp
c:\users\signo\documents\visual studio 2015\projects\computer_graphics\project2\project2\angel.h(63): warning C4305: 'initializing': truncation from 'double' to 'GLfloat'
c:\users\signo\documents\visual studio 2015\projects\computer_graphics\project2\project2\mat.h(707): warning C4244: '=': conversion from 'double' to 'GLfloat', possible loss of data
c:\users\signo\documents\visual studio 2015\projects\computer_graphics\project2\project2\mat.h(708): warning C4244: '=': conversion from 'double' to 'GLfloat', possible loss of data
c:\users\signo\documents\visual studio 2015\projects\computer_graphics\project2\project2\mat.h(709): warning C4244: '=': conversion from 'double' to 'GLfloat', possible loss of data
c:\users\signo\documents\visual studio 2015\projects\computer_graphics\project2\project2\mat.h(730): warning C4244: '=': conversion from 'double' to 'GLfloat', possible loss of data
c:\users\signo\documents\visual studio 2015\projects\computer_graphics\project2\project2\mat.h(732): warning C4244: '=': conversion from 'double' to 'GLfloat', possible loss of data
c:\users\signo\documents\visual studio 2015\projects\computer_graphics\project2\project2\mat.h(735): warning C4244: '=': conversion from 'double' to 'GLfloat', possible loss of data
c:\users\signo\documents\visual studio 2015\projects\computer_graphics\project2\project2\mat.h(752): warning C4244: '=': conversion from 'double' to 'GLfloat', possible loss of data
  mainA.cpp
c:\users\signo\documents\visual studio 2015\projects\computer_graphics\project2\project2\angel.h(63): warning C4305: 'initializing': truncation from 'double' to 'GLfloat'
c:\users\signo\documents\visual studio 2015\projects\computer_graphics\project2\project2\mat.h(707): warning C4244: '=': conversion from 'double' to 'GLfloat', possible loss of data
c:\users\signo\documents\visual studio 2015\projects\computer_graphics\project2\project2\mat.h(708): warning C4244: '=': conversion from 'double' to 'GLfloat', possible loss of data
c:\users\signo\documents\visual studio 2015\projects\computer_graphics\project2\project2\mat.h(709): warning C4244: '=': conversion from 'double' to 'GLfloat', possible loss of data
c:\users\signo\documents\visual studio 2015\projects\computer_graphics\project2\project2\mat.h(730): warning C4244: '=': conversion from 'double' to 'GLfloat', possible loss of data
c:\users\signo\documents\visual studio 2015\projects\computer_graphics\project2\project2\mat.h(732): warning C4244: '=': conversion from 'double' to 'GLfloat', possible loss of data
c:\users\signo\documents\visual studio 2015\projects\computer_graphics\project2\project2\mat.h(735): warning C4244: '=': conversion from 'double' to 'GLfloat', possible loss of data
c:\users\signo\documents\visual studio 2015\projects\computer_graphics\project2\project2\mat.h(752): warning C4244: '=': conversion from 'double' to 'GLfloat', possible loss of data
c:\users\signo\documents\visual studio 2015\projects\computer_graphics\project2\project2\maina.cpp(11): warning C4244: 'initializing': conversion from 'int' to 'float', possible loss of data
c:\users\signo\documents\visual studio 2015\projects\computer_graphics\project2\project2\maina.cpp(62): warning C4018: '<': signed/unsigned mismatch
c:\users\signo\documents\visual studio 2015\projects\computer_graphics\project2\project2\maina.cpp(119): warning C4018: '<': signed/unsigned mismatch
  Generating Code...
  HW2A.vcxproj -> C:\Users\signo\Documents\Visual Studio 2015\Projects\computer_graphics\project2\Debug\HW2A.exe
  HW2A.vcxproj -> C:\Users\signo\Documents\Visual Studio 2015\Projects\computer_graphics\project2\Debug\HW2A.pdb (Full PDB)
