c:\users\signo\documents\visual studio 2015\projects\project2\hw2b\debug\hw2b.pch
c:\users\signo\documents\visual studio 2015\projects\project2\hw2b\debug\vc140.pdb
c:\users\signo\documents\visual studio 2015\projects\project2\hw2b\debug\vc140.idb
c:\users\signo\documents\visual studio 2015\projects\project2\hw2b\debug\stdafx.obj
c:\users\signo\documents\visual studio 2015\projects\project2\hw2b\debug\angel.obj
c:\users\signo\documents\visual studio 2015\projects\project2\hw2b\debug\main.obj
c:\users\signo\documents\visual studio 2015\projects\project2\hw2b\debug\my_io.obj
c:\users\signo\documents\visual studio 2015\projects\project2\hw2b\debug\polygon.obj
c:\users\signo\documents\visual studio 2015\projects\project2\hw2b\debug\transformations.obj
c:\users\signo\documents\visual studio 2015\projects\project2\hw2b\debug\vertices.obj
c:\users\signo\documents\visual studio 2015\projects\project2\hw2b\debug\hw2b.obj
c:\users\signo\documents\visual studio 2015\projects\project2\debug\hw2b.pdb
c:\users\signo\documents\visual studio 2015\projects\project2\hw2b\debug\hw2b.tlog\cl.command.1.tlog
c:\users\signo\documents\visual studio 2015\projects\project2\hw2b\debug\hw2b.tlog\cl.read.1.tlog
c:\users\signo\documents\visual studio 2015\projects\project2\hw2b\debug\hw2b.tlog\cl.write.1.tlog
c:\users\signo\documents\visual studio 2015\projects\project2\hw2b\debug\hw2b.tlog\link-cvtres.read.1.tlog
c:\users\signo\documents\visual studio 2015\projects\project2\hw2b\debug\hw2b.tlog\link-cvtres.write.1.tlog
c:\users\signo\documents\visual studio 2015\projects\project2\hw2b\debug\hw2b.tlog\link-rc.read.1.tlog
c:\users\signo\documents\visual studio 2015\projects\project2\hw2b\debug\hw2b.tlog\link-rc.write.1.tlog
c:\users\signo\documents\visual studio 2015\projects\project2\hw2b\debug\hw2b.tlog\link.command.1.tlog
c:\users\signo\documents\visual studio 2015\projects\project2\hw2b\debug\hw2b.tlog\link.read.1.tlog
c:\users\signo\documents\visual studio 2015\projects\project2\hw2b\debug\hw2b.tlog\link.write.1.tlog
