C:\Program Files (x86)\MSBuild\Microsoft.Cpp\v4.0\V140\Microsoft.CppBuild.targets(367,5): warning MSB8004: Intermediate Directory does not end with a trailing slash.  This build instance will add the slash as it is required to allow proper evaluation of the Intermediate Directory.
  vertices.cpp
c:\users\signo\documents\visual studio 2015\projects\computer_graphics\project2\project2\angel.h(63): warning C4305: 'initializing': truncation from 'double' to 'GLfloat'
c:\users\signo\documents\visual studio 2015\projects\computer_graphics\project2\project2\mat.h(707): warning C4244: '=': conversion from 'double' to 'GLfloat', possible loss of data
c:\users\signo\documents\visual studio 2015\projects\computer_graphics\project2\project2\mat.h(708): warning C4244: '=': conversion from 'double' to 'GLfloat', possible loss of data
c:\users\signo\documents\visual studio 2015\projects\computer_graphics\project2\project2\mat.h(709): warning C4244: '=': conversion from 'double' to 'GLfloat', possible loss of data
c:\users\signo\documents\visual studio 2015\projects\computer_graphics\project2\project2\mat.h(730): warning C4244: '=': conversion from 'double' to 'GLfloat', possible loss of data
c:\users\signo\documents\visual studio 2015\projects\computer_graphics\project2\project2\mat.h(732): warning C4244: '=': conversion from 'double' to 'GLfloat', possible loss of data
c:\users\signo\documents\visual studio 2015\projects\computer_graphics\project2\project2\mat.h(735): warning C4244: '=': conversion from 'double' to 'GLfloat', possible loss of data
c:\users\signo\documents\visual studio 2015\projects\computer_graphics\project2\project2\mat.h(752): warning C4244: '=': conversion from 'double' to 'GLfloat', possible loss of data
c:\users\signo\documents\visual studio 2015\projects\computer_graphics\project2\project2\vertices.cpp(70): warning C4244: 'initializing': conversion from 'int' to 'GLfloat', possible loss of data
c:\users\signo\documents\visual studio 2015\projects\computer_graphics\project2\project2\vertices.cpp(71): warning C4244: 'initializing': conversion from 'int' to 'GLfloat', possible loss of data
c:\users\signo\documents\visual studio 2015\projects\computer_graphics\project2\project2\vertices.cpp(72): warning C4244: 'initializing': conversion from 'int' to 'GLfloat', possible loss of data
c:\users\signo\documents\visual studio 2015\projects\computer_graphics\project2\project2\vertices.cpp(73): warning C4305: 'argument': truncation from 'int' to 'const GLfloat'
c:\users\signo\documents\visual studio 2015\projects\computer_graphics\project2\project2\vertices.cpp(74): warning C4305: 'argument': truncation from 'int' to 'const GLfloat'
c:\users\signo\documents\visual studio 2015\projects\computer_graphics\project2\project2\vertices.cpp(75): warning C4305: 'argument': truncation from 'int' to 'const GLfloat'
  transformations.cpp
c:\users\signo\documents\visual studio 2015\projects\computer_graphics\project2\project2\angel.h(63): warning C4305: 'initializing': truncation from 'double' to 'GLfloat'
c:\users\signo\documents\visual studio 2015\projects\computer_graphics\project2\project2\mat.h(707): warning C4244: '=': conversion from 'double' to 'GLfloat', possible loss of data
c:\users\signo\documents\visual studio 2015\projects\computer_graphics\project2\project2\mat.h(708): warning C4244: '=': conversion from 'double' to 'GLfloat', possible loss of data
c:\users\signo\documents\visual studio 2015\projects\computer_graphics\project2\project2\mat.h(709): warning C4244: '=': conversion from 'double' to 'GLfloat', possible loss of data
c:\users\signo\documents\visual studio 2015\projects\computer_graphics\project2\project2\mat.h(730): warning C4244: '=': conversion from 'double' to 'GLfloat', possible loss of data
c:\users\signo\documents\visual studio 2015\projects\computer_graphics\project2\project2\mat.h(732): warning C4244: '=': conversion from 'double' to 'GLfloat', possible loss of data
c:\users\signo\documents\visual studio 2015\projects\computer_graphics\project2\project2\mat.h(735): warning C4244: '=': conversion from 'double' to 'GLfloat', possible loss of data
c:\users\signo\documents\visual studio 2015\projects\computer_graphics\project2\project2\mat.h(752): warning C4244: '=': conversion from 'double' to 'GLfloat', possible loss of data
  stdafx.cpp
  my_io.cpp
c:\users\signo\documents\visual studio 2015\projects\computer_graphics\project2\project2\angel.h(63): warning C4305: 'initializing': truncation from 'double' to 'GLfloat'
c:\users\signo\documents\visual studio 2015\projects\computer_graphics\project2\project2\mat.h(707): warning C4244: '=': conversion from 'double' to 'GLfloat', possible loss of data
c:\users\signo\documents\visual studio 2015\projects\computer_graphics\project2\project2\mat.h(708): warning C4244: '=': conversion from 'double' to 'GLfloat', possible loss of data
c:\users\signo\documents\visual studio 2015\projects\computer_graphics\project2\project2\mat.h(709): warning C4244: '=': conversion from 'double' to 'GLfloat', possible loss of data
c:\users\signo\documents\visual studio 2015\projects\computer_graphics\project2\project2\mat.h(730): warning C4244: '=': conversion from 'double' to 'GLfloat', possible loss of data
c:\users\signo\documents\visual studio 2015\projects\computer_graphics\project2\project2\mat.h(732): warning C4244: '=': conversion from 'double' to 'GLfloat', possible loss of data
c:\users\signo\documents\visual studio 2015\projects\computer_graphics\project2\project2\mat.h(735): warning C4244: '=': conversion from 'double' to 'GLfloat', possible loss of data
c:\users\signo\documents\visual studio 2015\projects\computer_graphics\project2\project2\mat.h(752): warning C4244: '=': conversion from 'double' to 'GLfloat', possible loss of data
  mainB.cpp
c:\users\signo\documents\visual studio 2015\projects\computer_graphics\project2\project2\angel.h(63): warning C4305: 'initializing': truncation from 'double' to 'GLfloat'
c:\users\signo\documents\visual studio 2015\projects\computer_graphics\project2\project2\mat.h(707): warning C4244: '=': conversion from 'double' to 'GLfloat', possible loss of data
c:\users\signo\documents\visual studio 2015\projects\computer_graphics\project2\project2\mat.h(708): warning C4244: '=': conversion from 'double' to 'GLfloat', possible loss of data
c:\users\signo\documents\visual studio 2015\projects\computer_graphics\project2\project2\mat.h(709): warning C4244: '=': conversion from 'double' to 'GLfloat', possible loss of data
c:\users\signo\documents\visual studio 2015\projects\computer_graphics\project2\project2\mat.h(730): warning C4244: '=': conversion from 'double' to 'GLfloat', possible loss of data
c:\users\signo\documents\visual studio 2015\projects\computer_graphics\project2\project2\mat.h(732): warning C4244: '=': conversion from 'double' to 'GLfloat', possible loss of data
c:\users\signo\documents\visual studio 2015\projects\computer_graphics\project2\project2\mat.h(735): warning C4244: '=': conversion from 'double' to 'GLfloat', possible loss of data
c:\users\signo\documents\visual studio 2015\projects\computer_graphics\project2\project2\mat.h(752): warning C4244: '=': conversion from 'double' to 'GLfloat', possible loss of data
c:\users\signo\documents\visual studio 2015\projects\computer_graphics\project2\project2\mainb.cpp(11): warning C4244: 'initializing': conversion from 'int' to 'float', possible loss of data
c:\users\signo\documents\visual studio 2015\projects\computer_graphics\project2\project2\mainb.cpp(64): warning C4018: '<': signed/unsigned mismatch
c:\users\signo\documents\visual studio 2015\projects\computer_graphics\project2\project2\mainb.cpp(146): warning C4018: '<': signed/unsigned mismatch
  Angel.cpp
c:\users\signo\documents\visual studio 2015\projects\computer_graphics\project2\project2\angel.h(63): warning C4305: 'initializing': truncation from 'double' to 'GLfloat'
c:\users\signo\documents\visual studio 2015\projects\computer_graphics\project2\project2\mat.h(707): warning C4244: '=': conversion from 'double' to 'GLfloat', possible loss of data
c:\users\signo\documents\visual studio 2015\projects\computer_graphics\project2\project2\mat.h(708): warning C4244: '=': conversion from 'double' to 'GLfloat', possible loss of data
c:\users\signo\documents\visual studio 2015\projects\computer_graphics\project2\project2\mat.h(709): warning C4244: '=': conversion from 'double' to 'GLfloat', possible loss of data
c:\users\signo\documents\visual studio 2015\projects\computer_graphics\project2\project2\mat.h(730): warning C4244: '=': conversion from 'double' to 'GLfloat', possible loss of data
c:\users\signo\documents\visual studio 2015\projects\computer_graphics\project2\project2\mat.h(732): warning C4244: '=': conversion from 'double' to 'GLfloat', possible loss of data
c:\users\signo\documents\visual studio 2015\projects\computer_graphics\project2\project2\mat.h(735): warning C4244: '=': conversion from 'double' to 'GLfloat', possible loss of data
c:\users\signo\documents\visual studio 2015\projects\computer_graphics\project2\project2\mat.h(752): warning C4244: '=': conversion from 'double' to 'GLfloat', possible loss of data
  project2.vcxproj -> C:\Users\signo\Documents\Visual Studio 2015\Projects\computer_graphics\project2\Debug\HW2B.exe
  project2.vcxproj -> C:\Users\signo\Documents\Visual Studio 2015\Projects\computer_graphics\project2\Debug\HW2B.pdb (Full PDB)
